11:23:54,834  INFO Version:44 - HHH000412: Hibernate ORM core version 5.6.10.Final
11:23:56,747  INFO Version:56 - HCANN000001: Hibernate Commons Annotations {5.1.2.Final}
11:23:57,370 DEBUG BasicTypeRegistry:157 - Adding type registration boolean -> org.hibernate.type.BooleanType@56c698e3
11:23:57,370 DEBUG BasicTypeRegistry:157 - Adding type registration boolean -> org.hibernate.type.BooleanType@56c698e3
11:23:57,372 DEBUG BasicTypeRegistry:157 - Adding type registration java.lang.Boolean -> org.hibernate.type.BooleanType@56c698e3
11:23:57,374 DEBUG BasicTypeRegistry:157 - Adding type registration numeric_boolean -> org.hibernate.type.NumericBooleanType@7bb6ab3a
11:23:57,376 DEBUG BasicTypeRegistry:157 - Adding type registration true_false -> org.hibernate.type.TrueFalseType@32c8e539
11:23:57,378 DEBUG BasicTypeRegistry:157 - Adding type registration yes_no -> org.hibernate.type.YesNoType@4795ded0
11:23:57,382 DEBUG BasicTypeRegistry:157 - Adding type registration byte -> org.hibernate.type.ByteType@3f07b12c
11:23:57,382 DEBUG BasicTypeRegistry:157 - Adding type registration byte -> org.hibernate.type.ByteType@3f07b12c
11:23:57,383 DEBUG BasicTypeRegistry:157 - Adding type registration java.lang.Byte -> org.hibernate.type.ByteType@3f07b12c
11:23:57,385 DEBUG BasicTypeRegistry:157 - Adding type registration character -> org.hibernate.type.CharacterType@25bc0606
11:23:57,385 DEBUG BasicTypeRegistry:157 - Adding type registration char -> org.hibernate.type.CharacterType@25bc0606
11:23:57,385 DEBUG BasicTypeRegistry:157 - Adding type registration java.lang.Character -> org.hibernate.type.CharacterType@25bc0606
11:23:57,387 DEBUG BasicTypeRegistry:157 - Adding type registration short -> org.hibernate.type.ShortType@57ac5227
11:23:57,388 DEBUG BasicTypeRegistry:157 - Adding type registration short -> org.hibernate.type.ShortType@57ac5227
11:23:57,392 DEBUG BasicTypeRegistry:157 - Adding type registration java.lang.Short -> org.hibernate.type.ShortType@57ac5227
11:23:57,397 DEBUG BasicTypeRegistry:157 - Adding type registration integer -> org.hibernate.type.IntegerType@4409e975
11:23:57,399 DEBUG BasicTypeRegistry:157 - Adding type registration int -> org.hibernate.type.IntegerType@4409e975
11:23:57,400 DEBUG BasicTypeRegistry:157 - Adding type registration java.lang.Integer -> org.hibernate.type.IntegerType@4409e975
11:23:57,402 DEBUG BasicTypeRegistry:157 - Adding type registration long -> org.hibernate.type.LongType@312ab28e
11:23:57,403 DEBUG BasicTypeRegistry:157 - Adding type registration long -> org.hibernate.type.LongType@312ab28e
11:23:57,403 DEBUG BasicTypeRegistry:157 - Adding type registration java.lang.Long -> org.hibernate.type.LongType@312ab28e
11:23:57,406 DEBUG BasicTypeRegistry:157 - Adding type registration float -> org.hibernate.type.FloatType@11981797
11:23:57,406 DEBUG BasicTypeRegistry:157 - Adding type registration float -> org.hibernate.type.FloatType@11981797
11:23:57,407 DEBUG BasicTypeRegistry:157 - Adding type registration java.lang.Float -> org.hibernate.type.FloatType@11981797
11:23:57,410 DEBUG BasicTypeRegistry:157 - Adding type registration double -> org.hibernate.type.DoubleType@55342f40
11:23:57,411 DEBUG BasicTypeRegistry:157 - Adding type registration double -> org.hibernate.type.DoubleType@55342f40
11:23:57,411 DEBUG BasicTypeRegistry:157 - Adding type registration java.lang.Double -> org.hibernate.type.DoubleType@55342f40
11:23:57,427 DEBUG BasicTypeRegistry:157 - Adding type registration big_decimal -> org.hibernate.type.BigDecimalType@6b44435b
11:23:57,427 DEBUG BasicTypeRegistry:157 - Adding type registration java.math.BigDecimal -> org.hibernate.type.BigDecimalType@6b44435b
11:23:57,428 DEBUG BasicTypeRegistry:157 - Adding type registration big_integer -> org.hibernate.type.BigIntegerType@4212a0c8
11:23:57,429 DEBUG BasicTypeRegistry:157 - Adding type registration java.math.BigInteger -> org.hibernate.type.BigIntegerType@4212a0c8
11:23:57,433 DEBUG BasicTypeRegistry:157 - Adding type registration string -> org.hibernate.type.StringType@655f7ea
11:23:57,434 DEBUG BasicTypeRegistry:157 - Adding type registration java.lang.String -> org.hibernate.type.StringType@655f7ea
11:23:57,435 DEBUG BasicTypeRegistry:157 - Adding type registration nstring -> org.hibernate.type.StringNVarcharType@3eeb318f
11:23:57,436 DEBUG BasicTypeRegistry:157 - Adding type registration ncharacter -> org.hibernate.type.CharacterNCharType@a202ccb
11:23:57,438 DEBUG BasicTypeRegistry:157 - Adding type registration url -> org.hibernate.type.UrlType@57459491
11:23:57,438 DEBUG BasicTypeRegistry:157 - Adding type registration java.net.URL -> org.hibernate.type.UrlType@57459491
11:23:57,439 DEBUG BasicTypeRegistry:157 - Adding type registration Duration -> org.hibernate.type.DurationType@62452cc9
11:23:57,440 DEBUG BasicTypeRegistry:157 - Adding type registration java.time.Duration -> org.hibernate.type.DurationType@62452cc9
11:23:57,476 DEBUG BasicTypeRegistry:157 - Adding type registration Instant -> org.hibernate.type.InstantType@75390459
11:23:57,476 DEBUG BasicTypeRegistry:157 - Adding type registration java.time.Instant -> org.hibernate.type.InstantType@75390459
11:23:57,481 DEBUG BasicTypeRegistry:157 - Adding type registration LocalDateTime -> org.hibernate.type.LocalDateTimeType@52045dbe
11:23:57,482 DEBUG BasicTypeRegistry:157 - Adding type registration java.time.LocalDateTime -> org.hibernate.type.LocalDateTimeType@52045dbe
11:23:57,485 DEBUG BasicTypeRegistry:157 - Adding type registration LocalDate -> org.hibernate.type.LocalDateType@56a4479a
11:23:57,485 DEBUG BasicTypeRegistry:157 - Adding type registration java.time.LocalDate -> org.hibernate.type.LocalDateType@56a4479a
11:23:57,489 DEBUG BasicTypeRegistry:157 - Adding type registration LocalTime -> org.hibernate.type.LocalTimeType@65b3a85a
11:23:57,489 DEBUG BasicTypeRegistry:157 - Adding type registration java.time.LocalTime -> org.hibernate.type.LocalTimeType@65b3a85a
11:23:57,492 DEBUG BasicTypeRegistry:157 - Adding type registration OffsetDateTime -> org.hibernate.type.OffsetDateTimeType@7c209437
11:23:57,493 DEBUG BasicTypeRegistry:157 - Adding type registration java.time.OffsetDateTime -> org.hibernate.type.OffsetDateTimeType@7c209437
11:23:57,511 DEBUG BasicTypeRegistry:157 - Adding type registration OffsetTime -> org.hibernate.type.OffsetTimeType@1698ee84
11:23:57,511 DEBUG BasicTypeRegistry:157 - Adding type registration java.time.OffsetTime -> org.hibernate.type.OffsetTimeType@1698ee84
11:23:57,516 DEBUG BasicTypeRegistry:157 - Adding type registration ZonedDateTime -> org.hibernate.type.ZonedDateTimeType@15cafec7
11:23:57,516 DEBUG BasicTypeRegistry:157 - Adding type registration java.time.ZonedDateTime -> org.hibernate.type.ZonedDateTimeType@15cafec7
11:23:57,534 DEBUG BasicTypeRegistry:157 - Adding type registration date -> org.hibernate.type.DateType@505a9d7c
11:23:57,534 DEBUG BasicTypeRegistry:157 - Adding type registration java.sql.Date -> org.hibernate.type.DateType@505a9d7c
11:23:57,537 DEBUG BasicTypeRegistry:157 - Adding type registration time -> org.hibernate.type.TimeType@72cf2de5
11:23:57,537 DEBUG BasicTypeRegistry:157 - Adding type registration java.sql.Time -> org.hibernate.type.TimeType@72cf2de5
11:23:57,541 DEBUG BasicTypeRegistry:157 - Adding type registration timestamp -> org.hibernate.type.TimestampType@422c3c7a
11:23:57,542 DEBUG BasicTypeRegistry:157 - Adding type registration java.sql.Timestamp -> org.hibernate.type.TimestampType@422c3c7a
11:23:57,543 DEBUG BasicTypeRegistry:157 - Adding type registration java.util.Date -> org.hibernate.type.TimestampType@422c3c7a
11:23:57,547 DEBUG BasicTypeRegistry:157 - Adding type registration dbtimestamp -> org.hibernate.type.DbTimestampType@75d0911a
11:23:57,549 DEBUG BasicTypeRegistry:157 - Adding type registration calendar -> org.hibernate.type.CalendarType@4b672daa
11:23:57,550 DEBUG BasicTypeRegistry:157 - Adding type registration java.util.Calendar -> org.hibernate.type.CalendarType@4b672daa
11:23:57,550 DEBUG BasicTypeRegistry:157 - Adding type registration java.util.GregorianCalendar -> org.hibernate.type.CalendarType@4b672daa
11:23:57,553 DEBUG BasicTypeRegistry:157 - Adding type registration calendar_date -> org.hibernate.type.CalendarDateType@3fffff43
11:23:57,555 DEBUG BasicTypeRegistry:157 - Adding type registration calendar_time -> org.hibernate.type.CalendarTimeType@662f5666
11:23:57,557 DEBUG BasicTypeRegistry:157 - Adding type registration locale -> org.hibernate.type.LocaleType@75c9e76b
11:23:57,558 DEBUG BasicTypeRegistry:157 - Adding type registration java.util.Locale -> org.hibernate.type.LocaleType@75c9e76b
11:23:57,561 DEBUG BasicTypeRegistry:157 - Adding type registration currency -> org.hibernate.type.CurrencyType@12bcd0c0
11:23:57,561 DEBUG BasicTypeRegistry:157 - Adding type registration java.util.Currency -> org.hibernate.type.CurrencyType@12bcd0c0
11:23:57,564 DEBUG BasicTypeRegistry:157 - Adding type registration timezone -> org.hibernate.type.TimeZoneType@1080b026
11:23:57,564 DEBUG BasicTypeRegistry:157 - Adding type registration java.util.TimeZone -> org.hibernate.type.TimeZoneType@1080b026
11:23:57,566 DEBUG BasicTypeRegistry:157 - Adding type registration class -> org.hibernate.type.ClassType@f73dcd6
11:23:57,567 DEBUG BasicTypeRegistry:157 - Adding type registration java.lang.Class -> org.hibernate.type.ClassType@f73dcd6
11:23:57,568 DEBUG BasicTypeRegistry:157 - Adding type registration uuid-binary -> org.hibernate.type.UUIDBinaryType@40f1be1b
11:23:57,570 DEBUG BasicTypeRegistry:157 - Adding type registration java.util.UUID -> org.hibernate.type.UUIDBinaryType@40f1be1b
11:23:57,570 DEBUG BasicTypeRegistry:157 - Adding type registration uuid-char -> org.hibernate.type.UUIDCharType@590c73d3
11:23:57,574 DEBUG BasicTypeRegistry:157 - Adding type registration binary -> org.hibernate.type.BinaryType@19fb8826
11:23:57,574 DEBUG BasicTypeRegistry:157 - Adding type registration byte[] -> org.hibernate.type.BinaryType@19fb8826
11:23:57,574 DEBUG BasicTypeRegistry:157 - Adding type registration [B -> org.hibernate.type.BinaryType@19fb8826
11:23:57,576 DEBUG BasicTypeRegistry:157 - Adding type registration wrapper-binary -> org.hibernate.type.WrapperBinaryType@55b5f5d2
11:23:57,576 DEBUG BasicTypeRegistry:157 - Adding type registration Byte[] -> org.hibernate.type.WrapperBinaryType@55b5f5d2
11:23:57,577 DEBUG BasicTypeRegistry:157 - Adding type registration [Ljava.lang.Byte; -> org.hibernate.type.WrapperBinaryType@55b5f5d2
11:23:57,580 DEBUG BasicTypeRegistry:157 - Adding type registration row_version -> org.hibernate.type.RowVersionType@2b95e48b
11:23:57,581 DEBUG BasicTypeRegistry:157 - Adding type registration image -> org.hibernate.type.ImageType@12bfd80d
11:23:57,583 DEBUG BasicTypeRegistry:157 - Adding type registration characters -> org.hibernate.type.CharArrayType@5b40ceb
11:23:57,583 DEBUG BasicTypeRegistry:157 - Adding type registration char[] -> org.hibernate.type.CharArrayType@5b40ceb
11:23:57,584 DEBUG BasicTypeRegistry:157 - Adding type registration [C -> org.hibernate.type.CharArrayType@5b40ceb
11:23:57,586 DEBUG BasicTypeRegistry:157 - Adding type registration wrapper-characters -> org.hibernate.type.CharacterArrayType@295eaa7c
11:23:57,586 DEBUG BasicTypeRegistry:157 - Adding type registration [Ljava.lang.Character; -> org.hibernate.type.CharacterArrayType@295eaa7c
11:23:57,587 DEBUG BasicTypeRegistry:157 - Adding type registration Character[] -> org.hibernate.type.CharacterArrayType@295eaa7c
11:23:57,587 DEBUG BasicTypeRegistry:157 - Adding type registration text -> org.hibernate.type.TextType@388ba540
11:23:57,588 DEBUG BasicTypeRegistry:157 - Adding type registration ntext -> org.hibernate.type.NTextType@7894f09b
11:23:57,590 DEBUG BasicTypeRegistry:157 - Adding type registration blob -> org.hibernate.type.BlobType@1b065145
11:23:57,590 DEBUG BasicTypeRegistry:157 - Adding type registration java.sql.Blob -> org.hibernate.type.BlobType@1b065145
11:23:57,591 DEBUG BasicTypeRegistry:157 - Adding type registration materialized_blob -> org.hibernate.type.MaterializedBlobType@62dae540
11:23:57,594 DEBUG BasicTypeRegistry:157 - Adding type registration clob -> org.hibernate.type.ClobType@619bfe29
11:23:57,594 DEBUG BasicTypeRegistry:157 - Adding type registration java.sql.Clob -> org.hibernate.type.ClobType@619bfe29
11:23:57,598 DEBUG BasicTypeRegistry:157 - Adding type registration nclob -> org.hibernate.type.NClobType@4e28bdd1
11:23:57,598 DEBUG BasicTypeRegistry:157 - Adding type registration java.sql.NClob -> org.hibernate.type.NClobType@4e28bdd1
11:23:57,599 DEBUG BasicTypeRegistry:157 - Adding type registration materialized_clob -> org.hibernate.type.MaterializedClobType@4c37b5b
11:23:57,600 DEBUG BasicTypeRegistry:157 - Adding type registration materialized_nclob -> org.hibernate.type.MaterializedNClobType@150ab4ed
11:23:57,610 DEBUG BasicTypeRegistry:157 - Adding type registration serializable -> org.hibernate.type.SerializableType@7a527389
11:23:57,625 DEBUG BasicTypeRegistry:157 - Adding type registration object -> org.hibernate.type.ObjectType@2453f95d
11:23:57,626 DEBUG BasicTypeRegistry:157 - Adding type registration java.lang.Object -> org.hibernate.type.ObjectType@2453f95d
11:23:57,627 DEBUG BasicTypeRegistry:157 - Adding type registration imm_date -> org.hibernate.type.AdaptedImmutableType@6e1d8f9e
11:23:57,628 DEBUG BasicTypeRegistry:157 - Adding type registration imm_time -> org.hibernate.type.AdaptedImmutableType@3e34ace1
11:23:57,628 DEBUG BasicTypeRegistry:157 - Adding type registration imm_timestamp -> org.hibernate.type.AdaptedImmutableType@62fe6067
11:23:57,631 DEBUG BasicTypeRegistry:157 - Adding type registration imm_dbtimestamp -> org.hibernate.type.AdaptedImmutableType@4f071df8
11:23:57,632 DEBUG BasicTypeRegistry:157 - Adding type registration imm_calendar -> org.hibernate.type.AdaptedImmutableType@4de41af9
11:23:57,633 DEBUG BasicTypeRegistry:157 - Adding type registration imm_calendar_date -> org.hibernate.type.AdaptedImmutableType@56ace400
11:23:57,633 DEBUG BasicTypeRegistry:157 - Adding type registration imm_binary -> org.hibernate.type.AdaptedImmutableType@47404bea
11:23:57,634 DEBUG BasicTypeRegistry:157 - Adding type registration imm_serializable -> org.hibernate.type.AdaptedImmutableType@305f7627
11:23:57,902  WARN pooling:75 - HHH10001002: Using Hibernate built-in connection pool (not for production use!)
11:23:57,958  INFO pooling:119 - HHH10001005: using driver [com.mysql.jdbc.Driver] at URL [jdbc:mysql://localhost:3306/ems]
11:23:57,958  INFO pooling:128 - HHH10001001: Connection properties: {password=****, user=root}
11:23:57,959  INFO pooling:132 - HHH10001003: Autocommit mode: false
11:23:57,973  INFO DriverManagerConnectionProviderImpl:322 - HHH000115: Hibernate connection pool size: 20 (min=1)
11:24:06,132  INFO Dialect:175 - HHH000400: Using dialect: org.hibernate.dialect.MySQL8Dialect
11:24:06,312 DEBUG TypeConfiguration$Scope:149 - Scoping TypeConfiguration [org.hibernate.type.spi.TypeConfiguration@d8948cd] to MetadataBuildingContext [org.hibernate.boot.internal.MetadataBuildingContextRootImpl@1436a7ab]
11:29:19,361  INFO Version:44 - HHH000412: Hibernate ORM core version 5.6.10.Final
11:29:19,894  INFO Version:56 - HCANN000001: Hibernate Commons Annotations {5.1.2.Final}
11:29:20,068 DEBUG BasicTypeRegistry:157 - Adding type registration boolean -> org.hibernate.type.BooleanType@10993713
11:29:20,068 DEBUG BasicTypeRegistry:157 - Adding type registration boolean -> org.hibernate.type.BooleanType@10993713
11:29:20,068 DEBUG BasicTypeRegistry:157 - Adding type registration java.lang.Boolean -> org.hibernate.type.BooleanType@10993713
11:29:20,070 DEBUG BasicTypeRegistry:157 - Adding type registration numeric_boolean -> org.hibernate.type.NumericBooleanType@2bb7bd00
11:29:20,071 DEBUG BasicTypeRegistry:157 - Adding type registration true_false -> org.hibernate.type.TrueFalseType@53812a9b
11:29:20,072 DEBUG BasicTypeRegistry:157 - Adding type registration yes_no -> org.hibernate.type.YesNoType@18230356
11:29:20,077 DEBUG BasicTypeRegistry:157 - Adding type registration byte -> org.hibernate.type.ByteType@726e5805
11:29:20,077 DEBUG BasicTypeRegistry:157 - Adding type registration byte -> org.hibernate.type.ByteType@726e5805
11:29:20,078 DEBUG BasicTypeRegistry:157 - Adding type registration java.lang.Byte -> org.hibernate.type.ByteType@726e5805
11:29:20,081 DEBUG BasicTypeRegistry:157 - Adding type registration character -> org.hibernate.type.CharacterType@3fffff43
11:29:20,081 DEBUG BasicTypeRegistry:157 - Adding type registration char -> org.hibernate.type.CharacterType@3fffff43
11:29:20,081 DEBUG BasicTypeRegistry:157 - Adding type registration java.lang.Character -> org.hibernate.type.CharacterType@3fffff43
11:29:20,083 DEBUG BasicTypeRegistry:157 - Adding type registration short -> org.hibernate.type.ShortType@662f5666
11:29:20,084 DEBUG BasicTypeRegistry:157 - Adding type registration short -> org.hibernate.type.ShortType@662f5666
11:29:20,086 DEBUG BasicTypeRegistry:157 - Adding type registration java.lang.Short -> org.hibernate.type.ShortType@662f5666
11:29:20,088 DEBUG BasicTypeRegistry:157 - Adding type registration integer -> org.hibernate.type.IntegerType@4879f0f2
11:29:20,089 DEBUG BasicTypeRegistry:157 - Adding type registration int -> org.hibernate.type.IntegerType@4879f0f2
11:29:20,089 DEBUG BasicTypeRegistry:157 - Adding type registration java.lang.Integer -> org.hibernate.type.IntegerType@4879f0f2
11:29:20,092 DEBUG BasicTypeRegistry:157 - Adding type registration long -> org.hibernate.type.LongType@58ebfd03
11:29:20,093 DEBUG BasicTypeRegistry:157 - Adding type registration long -> org.hibernate.type.LongType@58ebfd03
11:29:20,094 DEBUG BasicTypeRegistry:157 - Adding type registration java.lang.Long -> org.hibernate.type.LongType@58ebfd03
11:29:20,096 DEBUG BasicTypeRegistry:157 - Adding type registration float -> org.hibernate.type.FloatType@5c87bfe2
11:29:20,097 DEBUG BasicTypeRegistry:157 - Adding type registration float -> org.hibernate.type.FloatType@5c87bfe2
11:29:20,097 DEBUG BasicTypeRegistry:157 - Adding type registration java.lang.Float -> org.hibernate.type.FloatType@5c87bfe2
11:29:20,099 DEBUG BasicTypeRegistry:157 - Adding type registration double -> org.hibernate.type.DoubleType@7a791b66
11:29:20,100 DEBUG BasicTypeRegistry:157 - Adding type registration double -> org.hibernate.type.DoubleType@7a791b66
11:29:20,100 DEBUG BasicTypeRegistry:157 - Adding type registration java.lang.Double -> org.hibernate.type.DoubleType@7a791b66
11:29:20,104 DEBUG BasicTypeRegistry:157 - Adding type registration big_decimal -> org.hibernate.type.BigDecimalType@4fc5e095
11:29:20,104 DEBUG BasicTypeRegistry:157 - Adding type registration java.math.BigDecimal -> org.hibernate.type.BigDecimalType@4fc5e095
11:29:20,108 DEBUG BasicTypeRegistry:157 - Adding type registration big_integer -> org.hibernate.type.BigIntegerType@62ea3440
11:29:20,109 DEBUG BasicTypeRegistry:157 - Adding type registration java.math.BigInteger -> org.hibernate.type.BigIntegerType@62ea3440
11:29:20,114 DEBUG BasicTypeRegistry:157 - Adding type registration string -> org.hibernate.type.StringType@749c877b
11:29:20,115 DEBUG BasicTypeRegistry:157 - Adding type registration java.lang.String -> org.hibernate.type.StringType@749c877b
11:29:20,116 DEBUG BasicTypeRegistry:157 - Adding type registration nstring -> org.hibernate.type.StringNVarcharType@2b95e48b
11:29:20,118 DEBUG BasicTypeRegistry:157 - Adding type registration ncharacter -> org.hibernate.type.CharacterNCharType@12bfd80d
11:29:20,120 DEBUG BasicTypeRegistry:157 - Adding type registration url -> org.hibernate.type.UrlType@5b40ceb
11:29:20,120 DEBUG BasicTypeRegistry:157 - Adding type registration java.net.URL -> org.hibernate.type.UrlType@5b40ceb
11:29:20,122 DEBUG BasicTypeRegistry:157 - Adding type registration Duration -> org.hibernate.type.DurationType@295eaa7c
11:29:20,122 DEBUG BasicTypeRegistry:157 - Adding type registration java.time.Duration -> org.hibernate.type.DurationType@295eaa7c
11:29:20,130 DEBUG BasicTypeRegistry:157 - Adding type registration Instant -> org.hibernate.type.InstantType@1dd0e7c4
11:29:20,131 DEBUG BasicTypeRegistry:157 - Adding type registration java.time.Instant -> org.hibernate.type.InstantType@1dd0e7c4
11:29:20,134 DEBUG BasicTypeRegistry:157 - Adding type registration LocalDateTime -> org.hibernate.type.LocalDateTimeType@37bd68c3
11:29:20,134 DEBUG BasicTypeRegistry:157 - Adding type registration java.time.LocalDateTime -> org.hibernate.type.LocalDateTimeType@37bd68c3
11:29:20,136 DEBUG BasicTypeRegistry:157 - Adding type registration LocalDate -> org.hibernate.type.LocalDateType@4bff1903
11:29:20,137 DEBUG BasicTypeRegistry:157 - Adding type registration java.time.LocalDate -> org.hibernate.type.LocalDateType@4bff1903
11:29:20,140 DEBUG BasicTypeRegistry:157 - Adding type registration LocalTime -> org.hibernate.type.LocalTimeType@f79a760
11:29:20,141 DEBUG BasicTypeRegistry:157 - Adding type registration java.time.LocalTime -> org.hibernate.type.LocalTimeType@f79a760
11:29:20,143 DEBUG BasicTypeRegistry:157 - Adding type registration OffsetDateTime -> org.hibernate.type.OffsetDateTimeType@652a7737
11:29:20,144 DEBUG BasicTypeRegistry:157 - Adding type registration java.time.OffsetDateTime -> org.hibernate.type.OffsetDateTimeType@652a7737
11:29:20,146 DEBUG BasicTypeRegistry:157 - Adding type registration OffsetTime -> org.hibernate.type.OffsetTimeType@4e28bdd1
11:29:20,147 DEBUG BasicTypeRegistry:157 - Adding type registration java.time.OffsetTime -> org.hibernate.type.OffsetTimeType@4e28bdd1
11:29:20,151 DEBUG BasicTypeRegistry:157 - Adding type registration ZonedDateTime -> org.hibernate.type.ZonedDateTimeType@a8c1f44
11:29:20,151 DEBUG BasicTypeRegistry:157 - Adding type registration java.time.ZonedDateTime -> org.hibernate.type.ZonedDateTimeType@a8c1f44
11:29:20,155 DEBUG BasicTypeRegistry:157 - Adding type registration date -> org.hibernate.type.DateType@7a527389
11:29:20,155 DEBUG BasicTypeRegistry:157 - Adding type registration java.sql.Date -> org.hibernate.type.DateType@7a527389
11:29:20,159 DEBUG BasicTypeRegistry:157 - Adding type registration time -> org.hibernate.type.TimeType@c260bdc
11:29:20,160 DEBUG BasicTypeRegistry:157 - Adding type registration java.sql.Time -> org.hibernate.type.TimeType@c260bdc
11:29:20,162 DEBUG BasicTypeRegistry:157 - Adding type registration timestamp -> org.hibernate.type.TimestampType@1bb1fde8
11:29:20,163 DEBUG BasicTypeRegistry:157 - Adding type registration java.sql.Timestamp -> org.hibernate.type.TimestampType@1bb1fde8
11:29:20,163 DEBUG BasicTypeRegistry:157 - Adding type registration java.util.Date -> org.hibernate.type.TimestampType@1bb1fde8
11:29:20,166 DEBUG BasicTypeRegistry:157 - Adding type registration dbtimestamp -> org.hibernate.type.DbTimestampType@2453f95d
11:29:20,168 DEBUG BasicTypeRegistry:157 - Adding type registration calendar -> org.hibernate.type.CalendarType@4de41af9
11:29:20,169 DEBUG BasicTypeRegistry:157 - Adding type registration java.util.Calendar -> org.hibernate.type.CalendarType@4de41af9
11:29:20,169 DEBUG BasicTypeRegistry:157 - Adding type registration java.util.GregorianCalendar -> org.hibernate.type.CalendarType@4de41af9
11:29:20,171 DEBUG BasicTypeRegistry:157 - Adding type registration calendar_date -> org.hibernate.type.CalendarDateType@6cbcf243
11:29:20,172 DEBUG BasicTypeRegistry:157 - Adding type registration calendar_time -> org.hibernate.type.CalendarTimeType@3234f74e
11:29:20,175 DEBUG BasicTypeRegistry:157 - Adding type registration locale -> org.hibernate.type.LocaleType@366ef90e
11:29:20,176 DEBUG BasicTypeRegistry:157 - Adding type registration java.util.Locale -> org.hibernate.type.LocaleType@366ef90e
11:29:20,179 DEBUG BasicTypeRegistry:157 - Adding type registration currency -> org.hibernate.type.CurrencyType@21aa6d6c
11:29:20,179 DEBUG BasicTypeRegistry:157 - Adding type registration java.util.Currency -> org.hibernate.type.CurrencyType@21aa6d6c
11:29:20,181 DEBUG BasicTypeRegistry:157 - Adding type registration timezone -> org.hibernate.type.TimeZoneType@3f446bef
11:29:20,181 DEBUG BasicTypeRegistry:157 - Adding type registration java.util.TimeZone -> org.hibernate.type.TimeZoneType@3f446bef
11:29:20,182 DEBUG BasicTypeRegistry:157 - Adding type registration class -> org.hibernate.type.ClassType@1c80e49b
11:29:20,183 DEBUG BasicTypeRegistry:157 - Adding type registration java.lang.Class -> org.hibernate.type.ClassType@1c80e49b
11:29:20,185 DEBUG BasicTypeRegistry:157 - Adding type registration uuid-binary -> org.hibernate.type.UUIDBinaryType@56f6d40b
11:29:20,185 DEBUG BasicTypeRegistry:157 - Adding type registration java.util.UUID -> org.hibernate.type.UUIDBinaryType@56f6d40b
11:29:20,186 DEBUG BasicTypeRegistry:157 - Adding type registration uuid-char -> org.hibernate.type.UUIDCharType@2dbf4cbd
11:29:20,189 DEBUG BasicTypeRegistry:157 - Adding type registration binary -> org.hibernate.type.BinaryType@47dbb1e2
11:29:20,189 DEBUG BasicTypeRegistry:157 - Adding type registration byte[] -> org.hibernate.type.BinaryType@47dbb1e2
11:29:20,189 DEBUG BasicTypeRegistry:157 - Adding type registration [B -> org.hibernate.type.BinaryType@47dbb1e2
11:29:20,195 DEBUG BasicTypeRegistry:157 - Adding type registration wrapper-binary -> org.hibernate.type.WrapperBinaryType@773f7880
11:29:20,195 DEBUG BasicTypeRegistry:157 - Adding type registration Byte[] -> org.hibernate.type.WrapperBinaryType@773f7880
11:29:20,195 DEBUG BasicTypeRegistry:157 - Adding type registration [Ljava.lang.Byte; -> org.hibernate.type.WrapperBinaryType@773f7880
11:29:20,197 DEBUG BasicTypeRegistry:157 - Adding type registration row_version -> org.hibernate.type.RowVersionType@773cbf4f
11:29:20,198 DEBUG BasicTypeRegistry:157 - Adding type registration image -> org.hibernate.type.ImageType@6f603e89
11:29:20,200 DEBUG BasicTypeRegistry:157 - Adding type registration characters -> org.hibernate.type.CharArrayType@277f7dd3
11:29:20,200 DEBUG BasicTypeRegistry:157 - Adding type registration char[] -> org.hibernate.type.CharArrayType@277f7dd3
11:29:20,200 DEBUG BasicTypeRegistry:157 - Adding type registration [C -> org.hibernate.type.CharArrayType@277f7dd3
11:29:20,202 DEBUG BasicTypeRegistry:157 - Adding type registration wrapper-characters -> org.hibernate.type.CharacterArrayType@3f1c5af9
11:29:20,203 DEBUG BasicTypeRegistry:157 - Adding type registration [Ljava.lang.Character; -> org.hibernate.type.CharacterArrayType@3f1c5af9
11:29:20,203 DEBUG BasicTypeRegistry:157 - Adding type registration Character[] -> org.hibernate.type.CharacterArrayType@3f1c5af9
11:29:20,204 DEBUG BasicTypeRegistry:157 - Adding type registration text -> org.hibernate.type.TextType@63192798
11:29:20,204 DEBUG BasicTypeRegistry:157 - Adding type registration ntext -> org.hibernate.type.NTextType@376a312c
11:29:20,210 DEBUG BasicTypeRegistry:157 - Adding type registration blob -> org.hibernate.type.BlobType@2c3dec30
11:29:20,210 DEBUG BasicTypeRegistry:157 - Adding type registration java.sql.Blob -> org.hibernate.type.BlobType@2c3dec30
11:29:20,211 DEBUG BasicTypeRegistry:157 - Adding type registration materialized_blob -> org.hibernate.type.MaterializedBlobType@3fc9dfc5
11:29:20,214 DEBUG BasicTypeRegistry:157 - Adding type registration clob -> org.hibernate.type.ClobType@4ba534b0
11:29:20,214 DEBUG BasicTypeRegistry:157 - Adding type registration java.sql.Clob -> org.hibernate.type.ClobType@4ba534b0
11:29:20,217 DEBUG BasicTypeRegistry:157 - Adding type registration nclob -> org.hibernate.type.NClobType@1ddae9b5
11:29:20,217 DEBUG BasicTypeRegistry:157 - Adding type registration java.sql.NClob -> org.hibernate.type.NClobType@1ddae9b5
11:29:20,218 DEBUG BasicTypeRegistry:157 - Adding type registration materialized_clob -> org.hibernate.type.MaterializedClobType@34625ccd
11:29:20,220 DEBUG BasicTypeRegistry:157 - Adding type registration materialized_nclob -> org.hibernate.type.MaterializedNClobType@419a20a6
11:29:20,223 DEBUG BasicTypeRegistry:157 - Adding type registration serializable -> org.hibernate.type.SerializableType@9bd0fa6
11:29:20,231 DEBUG BasicTypeRegistry:157 - Adding type registration object -> org.hibernate.type.ObjectType@3276732
11:29:20,231 DEBUG BasicTypeRegistry:157 - Adding type registration java.lang.Object -> org.hibernate.type.ObjectType@3276732
11:29:20,232 DEBUG BasicTypeRegistry:157 - Adding type registration imm_date -> org.hibernate.type.AdaptedImmutableType@21d8bcbe
11:29:20,232 DEBUG BasicTypeRegistry:157 - Adding type registration imm_time -> org.hibernate.type.AdaptedImmutableType@5be067de
11:29:20,233 DEBUG BasicTypeRegistry:157 - Adding type registration imm_timestamp -> org.hibernate.type.AdaptedImmutableType@7383eae2
11:29:20,233 DEBUG BasicTypeRegistry:157 - Adding type registration imm_dbtimestamp -> org.hibernate.type.AdaptedImmutableType@18245eb0
11:29:20,233 DEBUG BasicTypeRegistry:157 - Adding type registration imm_calendar -> org.hibernate.type.AdaptedImmutableType@7c7d3c46
11:29:20,234 DEBUG BasicTypeRegistry:157 - Adding type registration imm_calendar_date -> org.hibernate.type.AdaptedImmutableType@24fb6a80
11:29:20,234 DEBUG BasicTypeRegistry:157 - Adding type registration imm_binary -> org.hibernate.type.AdaptedImmutableType@48c35007
11:29:20,234 DEBUG BasicTypeRegistry:157 - Adding type registration imm_serializable -> org.hibernate.type.AdaptedImmutableType@72a85671
11:29:20,339  WARN pooling:75 - HHH10001002: Using Hibernate built-in connection pool (not for production use!)
11:29:20,353  INFO pooling:119 - HHH10001005: using driver [com.mysql.jdbc.Driver] at URL [jdbc:mysql://localhost:3306/ems]
11:29:20,353  INFO pooling:128 - HHH10001001: Connection properties: {password=****, user=root}
11:29:20,354  INFO pooling:132 - HHH10001003: Autocommit mode: false
11:29:20,361  INFO DriverManagerConnectionProviderImpl:322 - HHH000115: Hibernate connection pool size: 20 (min=1)
11:29:21,700  INFO Dialect:175 - HHH000400: Using dialect: org.hibernate.dialect.MySQL8Dialect
11:29:21,816 DEBUG TypeConfiguration$Scope:149 - Scoping TypeConfiguration [org.hibernate.type.spi.TypeConfiguration@5ce4369b] to MetadataBuildingContext [org.hibernate.boot.internal.MetadataBuildingContextRootImpl@7f829c76]
11:32:58,163  INFO Version:44 - HHH000412: Hibernate ORM core version 5.6.10.Final
11:32:58,705  INFO Version:56 - HCANN000001: Hibernate Commons Annotations {5.1.2.Final}
11:32:58,871 DEBUG BasicTypeRegistry:157 - Adding type registration boolean -> org.hibernate.type.BooleanType@58359ebd
11:32:58,872 DEBUG BasicTypeRegistry:157 - Adding type registration boolean -> org.hibernate.type.BooleanType@58359ebd
11:32:58,874 DEBUG BasicTypeRegistry:157 - Adding type registration java.lang.Boolean -> org.hibernate.type.BooleanType@58359ebd
11:32:58,875 DEBUG BasicTypeRegistry:157 - Adding type registration numeric_boolean -> org.hibernate.type.NumericBooleanType@5f031ebd
11:32:58,876 DEBUG BasicTypeRegistry:157 - Adding type registration true_false -> org.hibernate.type.TrueFalseType@14b030a0
11:32:58,877 DEBUG BasicTypeRegistry:157 - Adding type registration yes_no -> org.hibernate.type.YesNoType@d8305c2
11:32:58,880 DEBUG BasicTypeRegistry:157 - Adding type registration byte -> org.hibernate.type.ByteType@40c80397
11:32:58,880 DEBUG BasicTypeRegistry:157 - Adding type registration byte -> org.hibernate.type.ByteType@40c80397
11:32:58,881 DEBUG BasicTypeRegistry:157 - Adding type registration java.lang.Byte -> org.hibernate.type.ByteType@40c80397
11:32:58,882 DEBUG BasicTypeRegistry:157 - Adding type registration character -> org.hibernate.type.CharacterType@a8e6492
11:32:58,882 DEBUG BasicTypeRegistry:157 - Adding type registration char -> org.hibernate.type.CharacterType@a8e6492
11:32:58,883 DEBUG BasicTypeRegistry:157 - Adding type registration java.lang.Character -> org.hibernate.type.CharacterType@a8e6492
11:32:58,885 DEBUG BasicTypeRegistry:157 - Adding type registration short -> org.hibernate.type.ShortType@fd8294b
11:32:58,885 DEBUG BasicTypeRegistry:157 - Adding type registration short -> org.hibernate.type.ShortType@fd8294b
11:32:58,887 DEBUG BasicTypeRegistry:157 - Adding type registration java.lang.Short -> org.hibernate.type.ShortType@fd8294b
11:32:58,889 DEBUG BasicTypeRegistry:157 - Adding type registration integer -> org.hibernate.type.IntegerType@47db5fa5
11:32:58,889 DEBUG BasicTypeRegistry:157 - Adding type registration int -> org.hibernate.type.IntegerType@47db5fa5
11:32:58,889 DEBUG BasicTypeRegistry:157 - Adding type registration java.lang.Integer -> org.hibernate.type.IntegerType@47db5fa5
11:32:58,891 DEBUG BasicTypeRegistry:157 - Adding type registration long -> org.hibernate.type.LongType@5b07730f
11:32:58,891 DEBUG BasicTypeRegistry:157 - Adding type registration long -> org.hibernate.type.LongType@5b07730f
11:32:58,893 DEBUG BasicTypeRegistry:157 - Adding type registration java.lang.Long -> org.hibernate.type.LongType@5b07730f
11:32:58,895 DEBUG BasicTypeRegistry:157 - Adding type registration float -> org.hibernate.type.FloatType@2fea7088
11:32:58,895 DEBUG BasicTypeRegistry:157 - Adding type registration float -> org.hibernate.type.FloatType@2fea7088
11:32:58,895 DEBUG BasicTypeRegistry:157 - Adding type registration java.lang.Float -> org.hibernate.type.FloatType@2fea7088
11:32:58,897 DEBUG BasicTypeRegistry:157 - Adding type registration double -> org.hibernate.type.DoubleType@6f2cb653
11:32:58,898 DEBUG BasicTypeRegistry:157 - Adding type registration double -> org.hibernate.type.DoubleType@6f2cb653
11:32:58,898 DEBUG BasicTypeRegistry:157 - Adding type registration java.lang.Double -> org.hibernate.type.DoubleType@6f2cb653
11:32:58,901 DEBUG BasicTypeRegistry:157 - Adding type registration big_decimal -> org.hibernate.type.BigDecimalType@435871cb
11:32:58,901 DEBUG BasicTypeRegistry:157 - Adding type registration java.math.BigDecimal -> org.hibernate.type.BigDecimalType@435871cb
11:32:58,903 DEBUG BasicTypeRegistry:157 - Adding type registration big_integer -> org.hibernate.type.BigIntegerType@27953a83
11:32:58,904 DEBUG BasicTypeRegistry:157 - Adding type registration java.math.BigInteger -> org.hibernate.type.BigIntegerType@27953a83
11:32:58,908 DEBUG BasicTypeRegistry:157 - Adding type registration string -> org.hibernate.type.StringType@efde75f
11:32:58,908 DEBUG BasicTypeRegistry:157 - Adding type registration java.lang.String -> org.hibernate.type.StringType@efde75f
11:32:58,909 DEBUG BasicTypeRegistry:157 - Adding type registration nstring -> org.hibernate.type.StringNVarcharType@4a3329b9
11:32:58,911 DEBUG BasicTypeRegistry:157 - Adding type registration ncharacter -> org.hibernate.type.CharacterNCharType@41925502
11:32:58,913 DEBUG BasicTypeRegistry:157 - Adding type registration url -> org.hibernate.type.UrlType@13c3c1e1
11:32:58,914 DEBUG BasicTypeRegistry:157 - Adding type registration java.net.URL -> org.hibernate.type.UrlType@13c3c1e1
11:32:58,916 DEBUG BasicTypeRegistry:157 - Adding type registration Duration -> org.hibernate.type.DurationType@3918c187
11:32:58,917 DEBUG BasicTypeRegistry:157 - Adding type registration java.time.Duration -> org.hibernate.type.DurationType@3918c187
11:32:58,920 DEBUG BasicTypeRegistry:157 - Adding type registration Instant -> org.hibernate.type.InstantType@7894f09b
11:32:58,920 DEBUG BasicTypeRegistry:157 - Adding type registration java.time.Instant -> org.hibernate.type.InstantType@7894f09b
11:32:58,926 DEBUG BasicTypeRegistry:157 - Adding type registration LocalDateTime -> org.hibernate.type.LocalDateTimeType@60f7cc1d
11:32:58,927 DEBUG BasicTypeRegistry:157 - Adding type registration java.time.LocalDateTime -> org.hibernate.type.LocalDateTimeType@60f7cc1d
11:32:58,929 DEBUG BasicTypeRegistry:157 - Adding type registration LocalDate -> org.hibernate.type.LocalDateType@62dae540
11:32:58,930 DEBUG BasicTypeRegistry:157 - Adding type registration java.time.LocalDate -> org.hibernate.type.LocalDateType@62dae540
11:32:58,932 DEBUG BasicTypeRegistry:157 - Adding type registration LocalTime -> org.hibernate.type.LocalTimeType@14f5da2c
11:32:58,932 DEBUG BasicTypeRegistry:157 - Adding type registration java.time.LocalTime -> org.hibernate.type.LocalTimeType@14f5da2c
11:32:58,935 DEBUG BasicTypeRegistry:157 - Adding type registration OffsetDateTime -> org.hibernate.type.OffsetDateTimeType@5b7ea70d
11:32:58,936 DEBUG BasicTypeRegistry:157 - Adding type registration java.time.OffsetDateTime -> org.hibernate.type.OffsetDateTimeType@5b7ea70d
11:32:58,941 DEBUG BasicTypeRegistry:157 - Adding type registration OffsetTime -> org.hibernate.type.OffsetTimeType@53f48368
11:32:58,941 DEBUG BasicTypeRegistry:157 - Adding type registration java.time.OffsetTime -> org.hibernate.type.OffsetTimeType@53f48368
11:32:58,945 DEBUG BasicTypeRegistry:157 - Adding type registration ZonedDateTime -> org.hibernate.type.ZonedDateTimeType@150ab4ed
11:32:58,945 DEBUG BasicTypeRegistry:157 - Adding type registration java.time.ZonedDateTime -> org.hibernate.type.ZonedDateTimeType@150ab4ed
11:32:58,948 DEBUG BasicTypeRegistry:157 - Adding type registration date -> org.hibernate.type.DateType@485a3466
11:32:58,948 DEBUG BasicTypeRegistry:157 - Adding type registration java.sql.Date -> org.hibernate.type.DateType@485a3466
11:32:58,950 DEBUG BasicTypeRegistry:157 - Adding type registration time -> org.hibernate.type.TimeType@75e01201
11:32:58,951 DEBUG BasicTypeRegistry:157 - Adding type registration java.sql.Time -> org.hibernate.type.TimeType@75e01201
11:32:58,954 DEBUG BasicTypeRegistry:157 - Adding type registration timestamp -> org.hibernate.type.TimestampType@15eebbff
11:32:58,954 DEBUG BasicTypeRegistry:157 - Adding type registration java.sql.Timestamp -> org.hibernate.type.TimestampType@15eebbff
11:32:58,955 DEBUG BasicTypeRegistry:157 - Adding type registration java.util.Date -> org.hibernate.type.TimestampType@15eebbff
11:32:58,959 DEBUG BasicTypeRegistry:157 - Adding type registration dbtimestamp -> org.hibernate.type.DbTimestampType@44828f6b
11:32:58,961 DEBUG BasicTypeRegistry:157 - Adding type registration calendar -> org.hibernate.type.CalendarType@56ace400
11:32:58,963 DEBUG BasicTypeRegistry:157 - Adding type registration java.util.Calendar -> org.hibernate.type.CalendarType@56ace400
11:32:58,963 DEBUG BasicTypeRegistry:157 - Adding type registration java.util.GregorianCalendar -> org.hibernate.type.CalendarType@56ace400
11:32:58,966 DEBUG BasicTypeRegistry:157 - Adding type registration calendar_date -> org.hibernate.type.CalendarDateType@29e6eb25
11:32:58,968 DEBUG BasicTypeRegistry:157 - Adding type registration calendar_time -> org.hibernate.type.CalendarTimeType@7bc10d84
11:32:58,971 DEBUG BasicTypeRegistry:157 - Adding type registration locale -> org.hibernate.type.LocaleType@33e01298
11:32:58,971 DEBUG BasicTypeRegistry:157 - Adding type registration java.util.Locale -> org.hibernate.type.LocaleType@33e01298
11:32:58,975 DEBUG BasicTypeRegistry:157 - Adding type registration currency -> org.hibernate.type.CurrencyType@b968a76
11:32:58,976 DEBUG BasicTypeRegistry:157 - Adding type registration java.util.Currency -> org.hibernate.type.CurrencyType@b968a76
11:32:58,978 DEBUG BasicTypeRegistry:157 - Adding type registration timezone -> org.hibernate.type.TimeZoneType@7829b776
11:32:58,978 DEBUG BasicTypeRegistry:157 - Adding type registration java.util.TimeZone -> org.hibernate.type.TimeZoneType@7829b776
11:32:58,979 DEBUG BasicTypeRegistry:157 - Adding type registration class -> org.hibernate.type.ClassType@458342d3
11:32:58,980 DEBUG BasicTypeRegistry:157 - Adding type registration java.lang.Class -> org.hibernate.type.ClassType@458342d3
11:32:58,981 DEBUG BasicTypeRegistry:157 - Adding type registration uuid-binary -> org.hibernate.type.UUIDBinaryType@36676c1a
11:32:58,981 DEBUG BasicTypeRegistry:157 - Adding type registration java.util.UUID -> org.hibernate.type.UUIDBinaryType@36676c1a
11:32:58,983 DEBUG BasicTypeRegistry:157 - Adding type registration uuid-char -> org.hibernate.type.UUIDCharType@20b5f2ac
11:32:58,985 DEBUG BasicTypeRegistry:157 - Adding type registration binary -> org.hibernate.type.BinaryType@74cadd41
11:32:58,985 DEBUG BasicTypeRegistry:157 - Adding type registration byte[] -> org.hibernate.type.BinaryType@74cadd41
11:32:58,985 DEBUG BasicTypeRegistry:157 - Adding type registration [B -> org.hibernate.type.BinaryType@74cadd41
11:32:58,987 DEBUG BasicTypeRegistry:157 - Adding type registration wrapper-binary -> org.hibernate.type.WrapperBinaryType@878452d
11:32:58,987 DEBUG BasicTypeRegistry:157 - Adding type registration Byte[] -> org.hibernate.type.WrapperBinaryType@878452d
11:32:58,987 DEBUG BasicTypeRegistry:157 - Adding type registration [Ljava.lang.Byte; -> org.hibernate.type.WrapperBinaryType@878452d
11:32:58,988 DEBUG BasicTypeRegistry:157 - Adding type registration row_version -> org.hibernate.type.RowVersionType@6b54655f
11:32:58,990 DEBUG BasicTypeRegistry:157 - Adding type registration image -> org.hibernate.type.ImageType@2756c0a7
11:32:58,992 DEBUG BasicTypeRegistry:157 - Adding type registration characters -> org.hibernate.type.CharArrayType@6c8bca63
11:32:58,992 DEBUG BasicTypeRegistry:157 - Adding type registration char[] -> org.hibernate.type.CharArrayType@6c8bca63
11:32:58,992 DEBUG BasicTypeRegistry:157 - Adding type registration [C -> org.hibernate.type.CharArrayType@6c8bca63
11:32:58,994 DEBUG BasicTypeRegistry:157 - Adding type registration wrapper-characters -> org.hibernate.type.CharacterArrayType@1c55f277
11:32:58,994 DEBUG BasicTypeRegistry:157 - Adding type registration [Ljava.lang.Character; -> org.hibernate.type.CharacterArrayType@1c55f277
11:32:58,995 DEBUG BasicTypeRegistry:157 - Adding type registration Character[] -> org.hibernate.type.CharacterArrayType@1c55f277
11:32:58,995 DEBUG BasicTypeRegistry:157 - Adding type registration text -> org.hibernate.type.TextType@50eca7c6
11:32:58,996 DEBUG BasicTypeRegistry:157 - Adding type registration ntext -> org.hibernate.type.NTextType@28d6290
11:32:58,999 DEBUG BasicTypeRegistry:157 - Adding type registration blob -> org.hibernate.type.BlobType@34a97744
11:32:59,000 DEBUG BasicTypeRegistry:157 - Adding type registration java.sql.Blob -> org.hibernate.type.BlobType@34a97744
11:32:59,001 DEBUG BasicTypeRegistry:157 - Adding type registration materialized_blob -> org.hibernate.type.MaterializedBlobType@40258c2f
11:32:59,004 DEBUG BasicTypeRegistry:157 - Adding type registration clob -> org.hibernate.type.ClobType@6f0ca692
11:32:59,004 DEBUG BasicTypeRegistry:157 - Adding type registration java.sql.Clob -> org.hibernate.type.ClobType@6f0ca692
11:32:59,009 DEBUG BasicTypeRegistry:157 - Adding type registration nclob -> org.hibernate.type.NClobType@427b5f92
11:32:59,009 DEBUG BasicTypeRegistry:157 - Adding type registration java.sql.NClob -> org.hibernate.type.NClobType@427b5f92
11:32:59,011 DEBUG BasicTypeRegistry:157 - Adding type registration materialized_clob -> org.hibernate.type.MaterializedClobType@2c7d121c
11:32:59,012 DEBUG BasicTypeRegistry:157 - Adding type registration materialized_nclob -> org.hibernate.type.MaterializedNClobType@533377b
11:32:59,014 DEBUG BasicTypeRegistry:157 - Adding type registration serializable -> org.hibernate.type.SerializableType@59d2103b
11:32:59,019 DEBUG BasicTypeRegistry:157 - Adding type registration object -> org.hibernate.type.ObjectType@3f28bd56
11:32:59,019 DEBUG BasicTypeRegistry:157 - Adding type registration java.lang.Object -> org.hibernate.type.ObjectType@3f28bd56
11:32:59,020 DEBUG BasicTypeRegistry:157 - Adding type registration imm_date -> org.hibernate.type.AdaptedImmutableType@5be067de
11:32:59,020 DEBUG BasicTypeRegistry:157 - Adding type registration imm_time -> org.hibernate.type.AdaptedImmutableType@7383eae2
11:32:59,021 DEBUG BasicTypeRegistry:157 - Adding type registration imm_timestamp -> org.hibernate.type.AdaptedImmutableType@18245eb0
11:32:59,021 DEBUG BasicTypeRegistry:157 - Adding type registration imm_dbtimestamp -> org.hibernate.type.AdaptedImmutableType@7c7d3c46
11:32:59,021 DEBUG BasicTypeRegistry:157 - Adding type registration imm_calendar -> org.hibernate.type.AdaptedImmutableType@24fb6a80
11:32:59,022 DEBUG BasicTypeRegistry:157 - Adding type registration imm_calendar_date -> org.hibernate.type.AdaptedImmutableType@48c35007
11:32:59,022 DEBUG BasicTypeRegistry:157 - Adding type registration imm_binary -> org.hibernate.type.AdaptedImmutableType@72a85671
11:32:59,022 DEBUG BasicTypeRegistry:157 - Adding type registration imm_serializable -> org.hibernate.type.AdaptedImmutableType@6722db6e
11:32:59,122  WARN pooling:75 - HHH10001002: Using Hibernate built-in connection pool (not for production use!)
11:32:59,151  INFO pooling:119 - HHH10001005: using driver [com.mysql.jdbc.Driver] at URL [jdbc:mysql://localhost:3306/ems]
11:32:59,152  INFO pooling:128 - HHH10001001: Connection properties: {password=****, user=root}
11:32:59,152  INFO pooling:132 - HHH10001003: Autocommit mode: false
11:32:59,165  INFO DriverManagerConnectionProviderImpl:322 - HHH000115: Hibernate connection pool size: 20 (min=1)
11:33:00,722  INFO Dialect:175 - HHH000400: Using dialect: org.hibernate.dialect.MySQL8Dialect
11:33:00,786 DEBUG TypeConfiguration$Scope:149 - Scoping TypeConfiguration [org.hibernate.type.spi.TypeConfiguration@7f829c76] to MetadataBuildingContext [org.hibernate.boot.internal.MetadataBuildingContextRootImpl@1cb19dba]
11:33:01,702  INFO pooling:550 - HHH10001008: Cleaning up connection pool [jdbc:mysql://localhost:3306/ems]
